# JRE version: OpenJDK Runtime Environment Temurin-21.0.5+11 (21.0.5+11) (build 21.0.5+11-LTS)
# Java VM: OpenJDK 64-Bit Server VM Temurin-21.0.5+11 (21.0.5+11-LTS, mixed mode, emulated-client, sharing, tiered, compressed oops, compressed class ptrs, g1 gc, windows-amd64)
GC Precious Log:
 CardTable entry size: 512
 Card Set container configuration: InlinePtr #cards 4 size 8 Array Of Cards #cards 16 size 48 Howl #buckets 8 coarsen threshold 3686 Howl Bitmap #cards 512 size 80 coarsen threshold 460 Card regions per heap region 1 cards per card region 4096
 CPUs: 8 total, 8 available
 Memory: 12166M
 Large Page Support: Disabled
 NUMA Support: Disabled
 Compressed Oops: Enabled (Zero based)
 Heap Region Size: 2M
 Heap Min Capacity: 8M
 Heap Initial Capacity: 192M
 Heap Max Capacity: 3042M
 Pre-touch: Disabled
 Parallel Workers: 8
 Concurrent Workers: 2
 Concurrent Refinement Workers: 8
 Periodic GC: Disabled
Heap:
 garbage-first heap   total 102400K, used 51028K [0x0000000741e00000, 0x0000000800000000)
  region size 2048K, 4 young (8192K), 0 survivors (0K)
 Metaspace       used 83316K, committed 84288K, reserved 1179648K
  class space    used 11689K, committed 12160K, reserved 1048576K
GC Heap History (20 events):
Event: 49.785 GC heap before
{Heap before GC invocations=38 (full 2):
 garbage-first heap   total 102400K, used 85852K [0x0000000741e00000, 0x0000000800000000)
  region size 2048K, 22 young (45056K), 2 survivors (4096K)
 Metaspace       used 80085K, committed 81024K, reserved 1179648K
  class space    used 11320K, committed 11776K, reserved 1048576K
}
Event: 49.790 GC heap after
{Heap after GC invocations=39 (full 2):
 garbage-first heap   total 102400K, used 48401K [0x0000000741e00000, 0x0000000800000000)
  region size 2048K, 2 young (4096K), 2 survivors (4096K)
 Metaspace       used 80085K, committed 81024K, reserved 1179648K
  class space    used 11320K, committed 11776K, reserved 1048576K
}
Event: 50.403 GC heap before
{Heap before GC invocations=39 (full 2):
 garbage-first heap   total 102400K, used 85265K [0x0000000741e00000, 0x0000000800000000)
  region size 2048K, 20 young (40960K), 2 survivors (4096K)
 Metaspace       used 80276K, committed 81216K, reserved 1179648K
  class space    used 11333K, committed 11776K, reserved 1048576K
}
Event: 50.408 GC heap after
{Heap after GC invocations=40 (full 2):
 garbage-first heap   total 102400K, used 51268K [0x0000000741e00000, 0x0000000800000000)
  region size 2048K, 3 young (6144K), 3 survivors (6144K)
 Metaspace       used 80276K, committed 81216K, reserved 1179648K
  class space    used 11333K, committed 11776K, reserved 1048576K
}
Event: 71.911 GC heap before
{Heap before GC invocations=41 (full 2):
 garbage-first heap   total 102400K, used 81988K [0x0000000741e00000, 0x0000000800000000)
  region size 2048K, 19 young (38912K), 3 survivors (6144K)
 Metaspace       used 81787K, committed 82752K, reserved 1179648K
  class space    used 11513K, committed 11968K, reserved 1048576K
}
Event: 71.922 GC heap after
{Heap after GC invocations=42 (full 2):
 garbage-first heap   total 102400K, used 52094K [0x0000000741e00000, 0x0000000800000000)
  region size 2048K, 3 young (6144K), 3 survivors (6144K)
 Metaspace       used 81787K, committed 82752K, reserved 1179648K
  class space    used 11513K, committed 11968K, reserved 1048576K
}
Event: 284.914 GC heap before
{Heap before GC invocations=42 (full 2):
 garbage-first heap   total 102400K, used 80766K [0x0000000741e00000, 0x0000000800000000)
  region size 2048K, 18 young (36864K), 3 survivors (6144K)
 Metaspace       used 82565K, committed 83520K, reserved 1179648K
  class space    used 11634K, committed 12096K, reserved 1048576K
}
Event: 284.923 GC heap after
{Heap after GC invocations=43 (full 2):
 garbage-first heap   total 102400K, used 52583K [0x0000000741e00000, 0x0000000800000000)
  region size 2048K, 2 young (4096K), 2 survivors (4096K)
 Metaspace       used 82565K, committed 83520K, reserved 1179648K
  class space    used 11634K, committed 12096K, reserved 1048576K
}
Event: 548.227 GC heap before
{Heap before GC invocations=43 (full 2):
 garbage-first heap   total 102400K, used 85351K [0x0000000741e00000, 0x0000000800000000)
  region size 2048K, 19 young (38912K), 2 survivors (4096K)
 Metaspace       used 83029K, committed 83968K, reserved 1179648K
  class space    used 11708K, committed 12160K, reserved 1048576K
}
Event: 548.238 GC heap after
{Heap after GC invocations=44 (full 2):
 garbage-first heap   total 102400K, used 52210K [0x0000000741e00000, 0x0000000800000000)
  region size 2048K, 2 young (4096K), 2 survivors (4096K)
 Metaspace       used 83029K, committed 83968K, reserved 1179648K
  class space    used 11708K, committed 12160K, reserved 1048576K
}
Event: 550.569 GC heap before
{Heap before GC invocations=44 (full 2):
 garbage-first heap   total 102400K, used 52210K [0x0000000741e00000, 0x0000000800000000)
  region size 2048K, 3 young (6144K), 2 survivors (4096K)
 Metaspace       used 83032K, committed 83968K, reserved 1179648K
  class space    used 11708K, committed 12160K, reserved 1048576K
}
Event: 550.761 GC heap after
{Heap after GC invocations=45 (full 3):
 garbage-first heap   total 102400K, used 37277K [0x0000000741e00000, 0x0000000800000000)
  region size 2048K, 0 young (0K), 0 survivors (0K)
 Metaspace       used 82410K, committed 83968K, reserved 1179648K
  class space    used 11556K, committed 12160K, reserved 1048576K
}
Event: 552.242 GC heap before
{Heap before GC invocations=45 (full 3):
 garbage-first heap   total 102400K, used 90525K [0x0000000741e00000, 0x0000000800000000)
  region size 2048K, 26 young (53248K), 0 survivors (0K)
 Metaspace       used 82473K, committed 84032K, reserved 1179648K
  class space    used 11568K, committed 12160K, reserved 1048576K
}
Event: 552.248 GC heap after
{Heap after GC invocations=46 (full 3):
 garbage-first heap   total 102400K, used 41884K [0x0000000741e00000, 0x0000000800000000)
  region size 2048K, 3 young (6144K), 3 survivors (6144K)
 Metaspace       used 82473K, committed 84032K, reserved 1179648K
  class space    used 11568K, committed 12160K, reserved 1048576K
}
Event: 558.250 GC heap before
{Heap before GC invocations=47 (full 3):
 garbage-first heap   total 102400K, used 84892K [0x0000000741e00000, 0x0000000800000000)
  region size 2048K, 24 young (49152K), 3 survivors (6144K)
 Metaspace       used 82759K, committed 84032K, reserved 1179648K
  class space    used 11617K, committed 12160K, reserved 1048576K
}
Event: 558.261 GC heap after
{Heap after GC invocations=48 (full 3):
 garbage-first heap   total 102400K, used 45049K [0x0000000741e00000, 0x0000000800000000)
  region size 2048K, 2 young (4096K), 2 survivors (4096K)
 Metaspace       used 82759K, committed 84032K, reserved 1179648K
  class space    used 11617K, committed 12160K, reserved 1048576K
}
Event: 559.092 GC heap before
{Heap before GC invocations=48 (full 3):
 garbage-first heap   total 102400K, used 88057K [0x0000000741e00000, 0x0000000800000000)
  region size 2048K, 23 young (47104K), 2 survivors (4096K)
 Metaspace       used 83037K, committed 84096K, reserved 1179648K
  class space    used 11652K, committed 12160K, reserved 1048576K
}
Event: 559.103 GC heap after
{Heap after GC invocations=49 (full 3):
 garbage-first heap   total 102400K, used 49643K [0x0000000741e00000, 0x0000000800000000)
  region size 2048K, 3 young (6144K), 3 survivors (6144K)
 Metaspace       used 83037K, committed 84096K, reserved 1179648K
  class space    used 11652K, committed 12160K, reserved 1048576K
}
Event: 721.595 GC heap before
{Heap before GC invocations=49 (full 3):
 garbage-first heap   total 102400K, used 78315K [0x0000000741e00000, 0x0000000800000000)
  region size 2048K, 18 young (36864K), 3 survivors (6144K)
 Metaspace       used 83108K, committed 84096K, reserved 1179648K
  class space    used 11669K, committed 12160K, reserved 1048576K
}
Event: 721.719 GC heap after
{Heap after GC invocations=50 (full 4):
 garbage-first heap   total 102400K, used 44884K [0x0000000741e00000, 0x0000000800000000)
  region size 2048K, 0 young (0K), 0 survivors (0K)
 Metaspace       used 83108K, committed 84096K, reserved 1179648K
  class space    used 11669K, committed 12160K, reserved 1048576K
}

